[17-Feb-2025 17:51:36 Europe/Berlin] Request parameters: {"date":"2025-02-17","turf_id":"1","_":"1739811096434"}
[17-Feb-2025 17:51:36 Europe/Berlin] SQL Query: SELECT ts.id, ts.start_time, ts.end_time,
            EXISTS(SELECT 1 FROM bookings b 
                   WHERE b.time_slot_id = ts.id 
                   AND b.turf_id = ? 
                   AND b.booking_date = ?) as booked
            FROM fixed_time_slots ts
            ORDER BY ts.start_time
[17-Feb-2025 17:51:36 Europe/Berlin] Parameters: turf_id=1, date=2025-02-17
[17-Feb-2025 17:51:36 Europe/Berlin] Error occurred: Unknown column 'b.time_slot_id' in 'where clause'
[17-Feb-2025 17:53:56 Europe/Berlin] Request parameters: {"date":"2025-02-17","turf_id":"1","_":"1739811236080"}
[17-Feb-2025 17:53:56 Europe/Berlin] SQL Query: SELECT 
                    ts.id,
                    DATE_FORMAT(ts.start_time, '%H:%i') as start_time,
                    DATE_FORMAT(ts.end_time, '%H:%i') as end_time,
                    b.booking_id IS NOT NULL as booked
                FROM turf_time_slots ts
                LEFT JOIN bookings b ON b.turf_time_slot_id = ts.id 
                    AND b.turf_id = ? 
                    AND DATE(b.created_at) = ?
                    AND b.status != 'cancelled'
                WHERE ts.turf_id = ?
                ORDER BY ts.start_time
[17-Feb-2025 17:53:56 Europe/Berlin] Parameters: turf_id=1, date=2025-02-17
[17-Feb-2025 17:53:56 Europe/Berlin] Error occurred: Unknown column 'ts.start_time' in 'field list'
[17-Feb-2025 17:55:28 Europe/Berlin] Request parameters: {"date":"2025-02-17","turf_id":"1","_":"1739811328869"}
[17-Feb-2025 17:55:28 Europe/Berlin] SQL Query: SELECT 
                    ts.id,
                    ts.start_time,
                    ts.end_time,
                    b.booking_id IS NOT NULL as booked
                FROM fixed_time_slots ts
                LEFT JOIN bookings b ON b.turf_time_slot_id = ts.id 
                    AND b.turf_id = ? 
                    AND DATE(b.created_at) = ?
                    AND b.status != 'cancelled'
                WHERE ts.id > 0
                ORDER BY ts.start_time
[17-Feb-2025 17:55:28 Europe/Berlin] Parameters: turf_id=1, date=2025-02-17
[17-Feb-2025 17:55:28 Europe/Berlin] PHP Fatal error:  Uncaught ArgumentCountError: The number of variables must match the number of parameters in the prepared statement in C:\xampp\htdocs\Exam\check_availability.php:57
Stack trace:
#0 C:\xampp\htdocs\Exam\check_availability.php(57): mysqli_stmt->bind_param('isi', '1', '2025-02-17', '1')
#1 {main}
  thrown in C:\xampp\htdocs\Exam\check_availability.php on line 57
[17-Feb-2025 17:56:25 Europe/Berlin] Request parameters: {"date":"2025-02-17","turf_id":"1","_":"1739811385480"}
[17-Feb-2025 17:56:25 Europe/Berlin] SQL Query: SELECT 
                    ts.id,
                    ts.start_time,
                    ts.end_time,
                    b.booking_id IS NOT NULL as booked
                FROM fixed_time_slots ts
                LEFT JOIN bookings b ON b.turf_time_slot_id = ts.id 
                    AND b.turf_id = ? 
                    AND DATE(b.created_at) = ?
                    AND b.status != 'cancelled'
                WHERE ts.id > 0
                ORDER BY ts.start_time
[17-Feb-2025 17:56:25 Europe/Berlin] Parameters: turf_id=1, date=2025-02-17
[17-Feb-2025 17:56:25 Europe/Berlin] Response data: {"slots":[{"id":3,"start_time":"06:00:00","end_time":"07:00:00","booked":false},{"id":6,"start_time":"07:00:00","end_time":"08:00:00","booked":false},{"id":7,"start_time":"08:00:00","end_time":"09:00:00","booked":false},{"id":8,"start_time":"09:00:00","end_time":"10:00:00","booked":false},{"id":9,"start_time":"10:00:00","end_time":"11:00:00","booked":false},{"id":10,"start_time":"11:00:00","end_time":"12:00:00","booked":false},{"id":11,"start_time":"12:00:00","end_time":"13:00:00","booked":false},{"id":12,"start_time":"13:00:00","end_time":"14:00:00","booked":false},{"id":13,"start_time":"14:00:00","end_time":"15:00:00","booked":false},{"id":14,"start_time":"15:00:00","end_time":"16:00:00","booked":false},{"id":15,"start_time":"16:00:00","end_time":"17:00:00","booked":false},{"id":16,"start_time":"17:00:00","end_time":"18:00:00","booked":false},{"id":17,"start_time":"18:00:00","end_time":"19:00:00","booked":false},{"id":18,"start_time":"19:00:00","end_time":"20:00:00","booked":false},{"id":19,"start_time":"20:00:00","end_time":"21:00:00","booked":false},{"id":20,"start_time":"21:00:00","end_time":"22:00:00","booked":false},{"id":21,"start_time":"22:00:00","end_time":"23:00:00","booked":false},{"id":22,"start_time":"23:00:00","end_time":"00:00:00","booked":false}]}
[17-Feb-2025 17:58:17 Europe/Berlin] Request parameters: {"date":"2025-02-18","turf_id":"1","_":"1739811497397"}
[17-Feb-2025 17:58:17 Europe/Berlin] SQL Query: SELECT 
                    ts.id,
                    ts.start_time,
                    ts.end_time,
                    b.booking_id IS NOT NULL as booked
                FROM fixed_time_slots ts
                LEFT JOIN bookings b ON b.turf_time_slot_id = ts.id 
                    AND b.turf_id = ? 
                    AND DATE(b.created_at) = ?
                    AND b.status != 'cancelled'
                WHERE ts.id > 0
                ORDER BY ts.start_time
[17-Feb-2025 17:58:17 Europe/Berlin] Parameters: turf_id=1, date=2025-02-18
[17-Feb-2025 17:58:17 Europe/Berlin] Response data: {"slots":[{"id":3,"start_time":"06:00:00","end_time":"07:00:00","booked":false},{"id":6,"start_time":"07:00:00","end_time":"08:00:00","booked":false},{"id":7,"start_time":"08:00:00","end_time":"09:00:00","booked":false},{"id":8,"start_time":"09:00:00","end_time":"10:00:00","booked":false},{"id":9,"start_time":"10:00:00","end_time":"11:00:00","booked":false},{"id":10,"start_time":"11:00:00","end_time":"12:00:00","booked":false},{"id":11,"start_time":"12:00:00","end_time":"13:00:00","booked":false},{"id":12,"start_time":"13:00:00","end_time":"14:00:00","booked":false},{"id":13,"start_time":"14:00:00","end_time":"15:00:00","booked":false},{"id":14,"start_time":"15:00:00","end_time":"16:00:00","booked":false},{"id":15,"start_time":"16:00:00","end_time":"17:00:00","booked":false},{"id":16,"start_time":"17:00:00","end_time":"18:00:00","booked":false},{"id":17,"start_time":"18:00:00","end_time":"19:00:00","booked":false},{"id":18,"start_time":"19:00:00","end_time":"20:00:00","booked":false},{"id":19,"start_time":"20:00:00","end_time":"21:00:00","booked":false},{"id":20,"start_time":"21:00:00","end_time":"22:00:00","booked":false},{"id":21,"start_time":"22:00:00","end_time":"23:00:00","booked":false}]}
[17-Feb-2025 17:58:53 Europe/Berlin] Request parameters: {"date":"2025-02-18","turf_id":"1","_":"1739811533796"}
[17-Feb-2025 17:58:53 Europe/Berlin] SQL Query: SELECT 
                    ts.id,
                    ts.start_time,
                    ts.end_time,
                    b.booking_id IS NOT NULL as booked
                FROM fixed_time_slots ts
                LEFT JOIN bookings b ON b.turf_time_slot_id = ts.id 
                    AND b.turf_id = ? 
                    AND DATE(b.created_at) = ?
                    AND b.status != 'cancelled'
                WHERE ts.id > 0
                ORDER BY ts.start_time
[17-Feb-2025 17:58:53 Europe/Berlin] Parameters: turf_id=1, date=2025-02-18
[17-Feb-2025 17:58:53 Europe/Berlin] Response data: {"slots":[{"id":3,"start_time":"06:00:00","end_time":"07:00:00","booked":false},{"id":6,"start_time":"07:00:00","end_time":"08:00:00","booked":false},{"id":7,"start_time":"08:00:00","end_time":"09:00:00","booked":false},{"id":8,"start_time":"09:00:00","end_time":"10:00:00","booked":false},{"id":9,"start_time":"10:00:00","end_time":"11:00:00","booked":false},{"id":10,"start_time":"11:00:00","end_time":"12:00:00","booked":false},{"id":11,"start_time":"12:00:00","end_time":"13:00:00","booked":false},{"id":12,"start_time":"13:00:00","end_time":"14:00:00","booked":false},{"id":13,"start_time":"14:00:00","end_time":"15:00:00","booked":false},{"id":14,"start_time":"15:00:00","end_time":"16:00:00","booked":false},{"id":15,"start_time":"16:00:00","end_time":"17:00:00","booked":false},{"id":16,"start_time":"17:00:00","end_time":"18:00:00","booked":false},{"id":17,"start_time":"18:00:00","end_time":"19:00:00","booked":false},{"id":18,"start_time":"19:00:00","end_time":"20:00:00","booked":false},{"id":19,"start_time":"20:00:00","end_time":"21:00:00","booked":false},{"id":20,"start_time":"21:00:00","end_time":"22:00:00","booked":false},{"id":21,"start_time":"22:00:00","end_time":"23:00:00","booked":false}]}
[17-Feb-2025 17:59:01 Europe/Berlin] Request parameters: {"date":"2025-02-17","turf_id":"1","_":"1739811541225"}
[17-Feb-2025 17:59:01 Europe/Berlin] SQL Query: SELECT 
                    ts.id,
                    ts.start_time,
                    ts.end_time,
                    b.booking_id IS NOT NULL as booked
                FROM fixed_time_slots ts
                LEFT JOIN bookings b ON b.turf_time_slot_id = ts.id 
                    AND b.turf_id = ? 
                    AND DATE(b.created_at) = ?
                    AND b.status != 'cancelled'
                WHERE ts.id > 0
                ORDER BY ts.start_time
[17-Feb-2025 17:59:01 Europe/Berlin] Parameters: turf_id=1, date=2025-02-17
[17-Feb-2025 17:59:01 Europe/Berlin] Response data: {"slots":[{"id":3,"start_time":"06:00:00","end_time":"07:00:00","booked":false},{"id":6,"start_time":"07:00:00","end_time":"08:00:00","booked":false},{"id":7,"start_time":"08:00:00","end_time":"09:00:00","booked":false},{"id":8,"start_time":"09:00:00","end_time":"10:00:00","booked":false},{"id":9,"start_time":"10:00:00","end_time":"11:00:00","booked":false},{"id":10,"start_time":"11:00:00","end_time":"12:00:00","booked":false},{"id":11,"start_time":"12:00:00","end_time":"13:00:00","booked":false},{"id":12,"start_time":"13:00:00","end_time":"14:00:00","booked":false},{"id":13,"start_time":"14:00:00","end_time":"15:00:00","booked":false},{"id":14,"start_time":"15:00:00","end_time":"16:00:00","booked":false},{"id":15,"start_time":"16:00:00","end_time":"17:00:00","booked":false},{"id":16,"start_time":"17:00:00","end_time":"18:00:00","booked":false},{"id":17,"start_time":"18:00:00","end_time":"19:00:00","booked":false},{"id":18,"start_time":"19:00:00","end_time":"20:00:00","booked":false},{"id":19,"start_time":"20:00:00","end_time":"21:00:00","booked":false},{"id":20,"start_time":"21:00:00","end_time":"22:00:00","booked":false},{"id":21,"start_time":"22:00:00","end_time":"23:00:00","booked":false}]}
[17-Feb-2025 18:02:01 Europe/Berlin] Request parameters: {"date":"2025-02-17","turf_id":"1","_":"1739811721612"}
[17-Feb-2025 18:02:01 Europe/Berlin] SQL Query: SELECT 
                    ts.id,
                    ts.start_time,
                    ts.end_time,
                    b.booking_id IS NOT NULL as booked
                FROM fixed_time_slots ts
                LEFT JOIN bookings b ON b.turf_time_slot_id = ts.id 
                    AND b.turf_id = ? 
                    AND DATE(b.created_at) = ?
                    AND b.status != 'cancelled'
                WHERE ts.id > 0
                ORDER BY ts.start_time
[17-Feb-2025 18:02:01 Europe/Berlin] Parameters: turf_id=1, date=2025-02-17
[17-Feb-2025 18:02:01 Europe/Berlin] Response data: {"slots":[{"id":3,"start_time":"06:00:00","end_time":"07:00:00","booked":false},{"id":6,"start_time":"07:00:00","end_time":"08:00:00","booked":false},{"id":7,"start_time":"08:00:00","end_time":"09:00:00","booked":false},{"id":8,"start_time":"09:00:00","end_time":"10:00:00","booked":false},{"id":9,"start_time":"10:00:00","end_time":"11:00:00","booked":false},{"id":10,"start_time":"11:00:00","end_time":"12:00:00","booked":false},{"id":11,"start_time":"12:00:00","end_time":"13:00:00","booked":false},{"id":12,"start_time":"13:00:00","end_time":"14:00:00","booked":false},{"id":13,"start_time":"14:00:00","end_time":"15:00:00","booked":false},{"id":14,"start_time":"15:00:00","end_time":"16:00:00","booked":false},{"id":15,"start_time":"16:00:00","end_time":"17:00:00","booked":false},{"id":16,"start_time":"17:00:00","end_time":"18:00:00","booked":false},{"id":17,"start_time":"18:00:00","end_time":"19:00:00","booked":false},{"id":18,"start_time":"19:00:00","end_time":"20:00:00","booked":false},{"id":19,"start_time":"20:00:00","end_time":"21:00:00","booked":false},{"id":20,"start_time":"21:00:00","end_time":"22:00:00","booked":false},{"id":21,"start_time":"22:00:00","end_time":"23:00:00","booked":false}]}
[17-Feb-2025 18:02:12 Europe/Berlin] Request parameters: {"date":"2025-02-18","turf_id":"1","_":"1739811732806"}
[17-Feb-2025 18:02:12 Europe/Berlin] SQL Query: SELECT 
                    ts.id,
                    ts.start_time,
                    ts.end_time,
                    b.booking_id IS NOT NULL as booked
                FROM fixed_time_slots ts
                LEFT JOIN bookings b ON b.turf_time_slot_id = ts.id 
                    AND b.turf_id = ? 
                    AND DATE(b.created_at) = ?
                    AND b.status != 'cancelled'
                WHERE ts.id > 0
                ORDER BY ts.start_time
[17-Feb-2025 18:02:12 Europe/Berlin] Parameters: turf_id=1, date=2025-02-18
[17-Feb-2025 18:02:12 Europe/Berlin] Response data: {"slots":[{"id":3,"start_time":"06:00:00","end_time":"07:00:00","booked":false},{"id":6,"start_time":"07:00:00","end_time":"08:00:00","booked":false},{"id":7,"start_time":"08:00:00","end_time":"09:00:00","booked":false},{"id":8,"start_time":"09:00:00","end_time":"10:00:00","booked":false},{"id":9,"start_time":"10:00:00","end_time":"11:00:00","booked":false},{"id":10,"start_time":"11:00:00","end_time":"12:00:00","booked":false},{"id":11,"start_time":"12:00:00","end_time":"13:00:00","booked":false},{"id":12,"start_time":"13:00:00","end_time":"14:00:00","booked":false},{"id":13,"start_time":"14:00:00","end_time":"15:00:00","booked":false},{"id":14,"start_time":"15:00:00","end_time":"16:00:00","booked":false},{"id":15,"start_time":"16:00:00","end_time":"17:00:00","booked":false},{"id":16,"start_time":"17:00:00","end_time":"18:00:00","booked":false},{"id":17,"start_time":"18:00:00","end_time":"19:00:00","booked":false},{"id":18,"start_time":"19:00:00","end_time":"20:00:00","booked":false},{"id":19,"start_time":"20:00:00","end_time":"21:00:00","booked":false},{"id":20,"start_time":"21:00:00","end_time":"22:00:00","booked":false},{"id":21,"start_time":"22:00:00","end_time":"23:00:00","booked":false}]}
[17-Feb-2025 18:04:21 Europe/Berlin] Request parameters: {"date":"2025-02-18","turf_id":"1","_":"1739811861177"}
[17-Feb-2025 18:04:21 Europe/Berlin] SQL Query: SELECT 
                    ts.id,
                    ts.start_time,
                    ts.end_time,
                    b.booking_id IS NOT NULL as booked
                FROM fixed_time_slots ts
                LEFT JOIN bookings b ON b.turf_time_slot_id = ts.id 
                    AND b.turf_id = ? 
                    AND DATE(b.created_at) = ?
                    AND b.status != 'cancelled'
                WHERE ts.id > 0
                ORDER BY ts.start_time
[17-Feb-2025 18:04:21 Europe/Berlin] Parameters: turf_id=1, date=2025-02-18
[17-Feb-2025 18:04:21 Europe/Berlin] Response data: {"slots":[{"id":3,"start_time":"06:00:00","end_time":"07:00:00","booked":false},{"id":6,"start_time":"07:00:00","end_time":"08:00:00","booked":false},{"id":7,"start_time":"08:00:00","end_time":"09:00:00","booked":false},{"id":8,"start_time":"09:00:00","end_time":"10:00:00","booked":false},{"id":9,"start_time":"10:00:00","end_time":"11:00:00","booked":false},{"id":10,"start_time":"11:00:00","end_time":"12:00:00","booked":false},{"id":11,"start_time":"12:00:00","end_time":"13:00:00","booked":false},{"id":12,"start_time":"13:00:00","end_time":"14:00:00","booked":false},{"id":13,"start_time":"14:00:00","end_time":"15:00:00","booked":false},{"id":14,"start_time":"15:00:00","end_time":"16:00:00","booked":false},{"id":15,"start_time":"16:00:00","end_time":"17:00:00","booked":false},{"id":16,"start_time":"17:00:00","end_time":"18:00:00","booked":false},{"id":17,"start_time":"18:00:00","end_time":"19:00:00","booked":false},{"id":18,"start_time":"19:00:00","end_time":"20:00:00","booked":false},{"id":19,"start_time":"20:00:00","end_time":"21:00:00","booked":false},{"id":20,"start_time":"21:00:00","end_time":"22:00:00","booked":false},{"id":21,"start_time":"22:00:00","end_time":"23:00:00","booked":false}]}
[17-Feb-2025 18:05:58 Europe/Berlin] Request parameters: {"date":"2025-02-18","turf_id":"1","_":"1739811958116"}
[17-Feb-2025 18:05:58 Europe/Berlin] SQL Query: SELECT 
                    ts.id,
                    ts.start_time,
                    ts.end_time,
                    b.booking_id IS NOT NULL as booked
                FROM fixed_time_slots ts
                LEFT JOIN bookings b ON b.turf_time_slot_id = ts.id 
                    AND b.turf_id = ? 
                    AND DATE(b.created_at) = ?
                    AND b.status != 'cancelled'
                WHERE ts.id > 0
                ORDER BY ts.start_time
[17-Feb-2025 18:05:58 Europe/Berlin] Parameters: turf_id=1, date=2025-02-18
[17-Feb-2025 18:05:58 Europe/Berlin] Response data: {"slots":[{"id":3,"start_time":"06:00:00","end_time":"07:00:00","booked":false},{"id":6,"start_time":"07:00:00","end_time":"08:00:00","booked":false},{"id":7,"start_time":"08:00:00","end_time":"09:00:00","booked":false},{"id":8,"start_time":"09:00:00","end_time":"10:00:00","booked":false},{"id":9,"start_time":"10:00:00","end_time":"11:00:00","booked":false},{"id":10,"start_time":"11:00:00","end_time":"12:00:00","booked":false},{"id":11,"start_time":"12:00:00","end_time":"13:00:00","booked":false},{"id":12,"start_time":"13:00:00","end_time":"14:00:00","booked":false},{"id":13,"start_time":"14:00:00","end_time":"15:00:00","booked":false},{"id":14,"start_time":"15:00:00","end_time":"16:00:00","booked":false},{"id":15,"start_time":"16:00:00","end_time":"17:00:00","booked":false},{"id":16,"start_time":"17:00:00","end_time":"18:00:00","booked":false},{"id":17,"start_time":"18:00:00","end_time":"19:00:00","booked":false},{"id":18,"start_time":"19:00:00","end_time":"20:00:00","booked":false},{"id":19,"start_time":"20:00:00","end_time":"21:00:00","booked":false},{"id":20,"start_time":"21:00:00","end_time":"22:00:00","booked":false},{"id":21,"start_time":"22:00:00","end_time":"23:00:00","booked":false}]}
[17-Feb-2025 18:07:17 Europe/Berlin] Request parameters: {"date":"2025-02-18","turf_id":"1","_":"1739812037934"}
[17-Feb-2025 18:07:17 Europe/Berlin] SQL Query: SELECT 
                    ts.id,
                    ts.start_time,
                    ts.end_time,
                    b.booking_id IS NOT NULL as booked
                FROM fixed_time_slots ts
                LEFT JOIN bookings b ON b.turf_time_slot_id = ts.id 
                    AND b.turf_id = ? 
                    AND DATE(b.created_at) = ?
                    AND b.status != 'cancelled'
                WHERE ts.id > 0
                ORDER BY ts.start_time
[17-Feb-2025 18:07:17 Europe/Berlin] Parameters: turf_id=1, date=2025-02-18
[17-Feb-2025 18:07:17 Europe/Berlin] Response data: {"slots":[{"id":3,"start_time":"06:00:00","end_time":"07:00:00","booked":false},{"id":6,"start_time":"07:00:00","end_time":"08:00:00","booked":false},{"id":7,"start_time":"08:00:00","end_time":"09:00:00","booked":false},{"id":8,"start_time":"09:00:00","end_time":"10:00:00","booked":false},{"id":9,"start_time":"10:00:00","end_time":"11:00:00","booked":false},{"id":10,"start_time":"11:00:00","end_time":"12:00:00","booked":false},{"id":11,"start_time":"12:00:00","end_time":"13:00:00","booked":false},{"id":12,"start_time":"13:00:00","end_time":"14:00:00","booked":false},{"id":13,"start_time":"14:00:00","end_time":"15:00:00","booked":false},{"id":14,"start_time":"15:00:00","end_time":"16:00:00","booked":false},{"id":15,"start_time":"16:00:00","end_time":"17:00:00","booked":false},{"id":16,"start_time":"17:00:00","end_time":"18:00:00","booked":false},{"id":17,"start_time":"18:00:00","end_time":"19:00:00","booked":false},{"id":18,"start_time":"19:00:00","end_time":"20:00:00","booked":false},{"id":19,"start_time":"20:00:00","end_time":"21:00:00","booked":false},{"id":20,"start_time":"21:00:00","end_time":"22:00:00","booked":false},{"id":21,"start_time":"22:00:00","end_time":"23:00:00","booked":false}]}
[17-Feb-2025 18:10:22 Europe/Berlin] Request parameters: {"date":"2025-02-18","turf_id":"1","_":"1739812222601"}
[17-Feb-2025 18:10:22 Europe/Berlin] SQL Query: SELECT 
                    ts.id,
                    ts.start_time,
                    ts.end_time,
                    b.booking_id IS NOT NULL as booked
                FROM fixed_time_slots ts
                LEFT JOIN bookings b ON b.turf_time_slot_id = ts.id 
                    AND b.turf_id = ? 
                    AND DATE(b.created_at) = ?
                    AND b.status != 'cancelled'
                WHERE ts.id > 0
                ORDER BY ts.start_time
[17-Feb-2025 18:10:22 Europe/Berlin] Parameters: turf_id=1, date=2025-02-18
[17-Feb-2025 18:10:22 Europe/Berlin] Response data: {"slots":[{"id":3,"start_time":"06:00:00","end_time":"07:00:00","booked":false},{"id":6,"start_time":"07:00:00","end_time":"08:00:00","booked":false},{"id":7,"start_time":"08:00:00","end_time":"09:00:00","booked":false},{"id":8,"start_time":"09:00:00","end_time":"10:00:00","booked":false},{"id":9,"start_time":"10:00:00","end_time":"11:00:00","booked":false},{"id":10,"start_time":"11:00:00","end_time":"12:00:00","booked":false},{"id":11,"start_time":"12:00:00","end_time":"13:00:00","booked":false},{"id":12,"start_time":"13:00:00","end_time":"14:00:00","booked":false},{"id":13,"start_time":"14:00:00","end_time":"15:00:00","booked":false},{"id":14,"start_time":"15:00:00","end_time":"16:00:00","booked":false},{"id":15,"start_time":"16:00:00","end_time":"17:00:00","booked":false},{"id":16,"start_time":"17:00:00","end_time":"18:00:00","booked":false},{"id":17,"start_time":"18:00:00","end_time":"19:00:00","booked":false},{"id":18,"start_time":"19:00:00","end_time":"20:00:00","booked":false},{"id":19,"start_time":"20:00:00","end_time":"21:00:00","booked":false},{"id":20,"start_time":"21:00:00","end_time":"22:00:00","booked":false},{"id":21,"start_time":"22:00:00","end_time":"23:00:00","booked":false}]}
